03:18 _XxLoganxX_   : hi
03:18 methamatic    : hey
03:19 _XxLoganxX_   : have you got dia yet
03:19 methamatic    : a few
03:19 _XxLoganxX_   : nice
03:26 _XxLoganxX_   : suggestion skyblock
03:26 methamatic    : no
03:26 _XxLoganxX_   : ok
03:26 methamatic    : if wer
03:26 _XxLoganxX_   : ?
03:26 methamatic    : we're adding that many servers i need to add a hub and bungeecord them all together
03:26 _XxLoganxX_   : oh
03:26 methamatic    : which is hard and costs money to host
05:46 Brodster_Plays: hello
05:46 Brodster_Plays: anyone on?
05:47 Brodster_Plays:  placed a sign @ world: x3326, z7929
  parkour made by
  Brodster_Plays
05:50 Brodster_Plays placed suspicious WATER_BUCKET @ world: x3294, z7927
05:52 Brodster_Plays placed suspicious WATER_BUCKET @ world: x3237, z8209
05:54 Brodster_Plays placed suspicious WATER_BUCKET @ world: x3169, z8318
05:58 Brodster_Plays:  placed a sign @ world: x3292, z7929
  Noice
05:59 Brodster_Plays:  placed a sign @ world: x3292, z7929
  now go back lol
06:03 Brodster_Plays:  placed a sign @ world: x3302, z7857
  Join the Discord
06:03 Brodster_Plays:  placed a sign @ world: x3302, z7858
  for updates
07:58 Brodster_Plays:  placed a sign @ world: x3320, z7884
  Welcome
08:03 Brodster_Plays:  placed a sign @ world: x3331, z7888
  Do not enter that
  house you will 
  fall to your deat
08:04 Brodster_Plays:  placed a sign @ world: x3320, z7884
  Who built this?
08:10 Brodster_Plays placed suspicious WATER_BUCKET @ world: x3371, z7886
08:10 Brodster_Plays placed suspicious WATER_BUCKET @ world: x3347, z7882
20:24 Brodster_Plays placed suspicious WATER_BUCKET @ world: x3658, z6112
20:25 Brodster_Plays placed suspicious WATER_BUCKET @ world: x3657, z6106
20:25 Brodster_Plays placed suspicious WATER_BUCKET @ world: x3635, z6094
20:26 Brodster_Plays placed suspicious WATER_BUCKET @ world: x3640, z6080
20:26 Brodster_Plays placed suspicious WATER_BUCKET @ world: x3637, z6072
20:26 Brodster_Plays placed suspicious WATER_BUCKET @ world: x3651, z6042
20:26 Brodster_Plays placed suspicious WATER_BUCKET @ world: x3661, z6017
20:26 Brodster_Plays placed suspicious WATER_BUCKET @ world: x3662, z5994
20:36 Brodster_Plays placed suspicious WATER_BUCKET @ world: x3651, z5999
20:37 Brodster_Plays:  placed a sign @ world: x3394, z7895
  s 
